0 info it worked if it ends with ok
1 verbose cli [ '/usr/bin/nodejs', '/usr/bin/npm', 'start' ]
2 info using npm@3.10.8
3 info using node@v6.9.1
4 verbose config Skipping project config: /home/FlirtMe/.npmrc. (matches userconfig)
5 verbose run-script [ 'prestart', 'start', 'poststart' ]
6 info lifecycle oddjob@0.0.0~prestart: oddjob@0.0.0
7 silly lifecycle oddjob@0.0.0~prestart: no script for prestart, continuing
8 info lifecycle oddjob@0.0.0~start: oddjob@0.0.0
9 verbose lifecycle oddjob@0.0.0~start: unsafe-perm in lifecycle true
10 verbose lifecycle oddjob@0.0.0~start: PATH: /usr/lib/node_modules/npm/bin/node-gyp-bin:/home/FlirtMe/node_modules/.bin:/usr/local/sbin:/usr/local/bin:/usr/sbin:/usr/bin:/sbin:/bin:/usr/games:/usr/local/games:/usr/local/sonar_runner/bin::/usr/lib/jvm/java-8-oracle/bin:/usr/lib/jvm/java-8-oracle/db/bin:/usr/lib/jvm/java-8-oracle/jre/bin
11 verbose lifecycle oddjob@0.0.0~start: CWD: /home/FlirtMe
12 silly lifecycle oddjob@0.0.0~start: Args: [ '-c', 'node ./bin/www' ]
13 silly lifecycle oddjob@0.0.0~start: Returned: code: 1  signal: null
14 info lifecycle oddjob@0.0.0~start: Failed to exec start script
15 verbose stack Error: oddjob@0.0.0 start: `node ./bin/www`
15 verbose stack Exit status 1
15 verbose stack     at EventEmitter.<anonymous> (/usr/lib/node_modules/npm/lib/utils/lifecycle.js:255:16)
15 verbose stack     at emitTwo (events.js:106:13)
15 verbose stack     at EventEmitter.emit (events.js:191:7)
15 verbose stack     at ChildProcess.<anonymous> (/usr/lib/node_modules/npm/lib/utils/spawn.js:40:14)
15 verbose stack     at emitTwo (events.js:106:13)
15 verbose stack     at ChildProcess.emit (events.js:191:7)
15 verbose stack     at maybeClose (internal/child_process.js:877:16)
15 verbose stack     at Process.ChildProcess._handle.onexit (internal/child_process.js:226:5)
16 verbose pkgid oddjob@0.0.0
17 verbose cwd /home/FlirtMe
18 error Linux 3.13.0-100-generic
19 error argv "/usr/bin/nodejs" "/usr/bin/npm" "start"
20 error node v6.9.1
21 error npm  v3.10.8
22 error code ELIFECYCLE
23 error oddjob@0.0.0 start: `node ./bin/www`
23 error Exit status 1
24 error Failed at the oddjob@0.0.0 start script 'node ./bin/www'.
24 error Make sure you have the latest version of node.js and npm installed.
24 error If you do, this is most likely a problem with the oddjob package,
24 error not with npm itself.
24 error Tell the author that this fails on your system:
24 error     node ./bin/www
24 error You can get information on how to open an issue for this project with:
24 error     npm bugs oddjob
24 error Or if that isn't available, you can get their info via:
24 error     npm owner ls oddjob
24 error There is likely additional logging output above.
25 verbose exit [ 1, true ]
